<?xml version="1.0" encoding="UTF-8"?>
<!-- Generated by org.testng.reporters.JUnitXMLReporter -->
<testsuite hostname="LAPTOP-EFQ8TGH1" ignored="0" name="Test1" tests="6" failures="0" timestamp="01 May 2022 03:14:26 GMT" time="34.927" errors="0">
  <testcase name="tc0" time="4.245" classname="org.tasks.ParellelSample2"/>
  <testcase name="tc1" time="4.816" classname="org.tasks.ParellelSample2"/>
  <testcase name="tc2" time="5.543" classname="org.tasks.ParellelSample2"/>
  <testcase name="tc0" time="4.426" classname="org.tasks.ParellelSample"/>
  <testcase name="tc1" time="7.38" classname="org.tasks.ParellelSample"/>
  <testcase name="tc2" time="8.464" classname="org.tasks.ParellelSample"/>
</testsuite> <!-- Test1 -->
