<?xml version="1.0" encoding="UTF-8"?>
<!-- Generated by org.testng.reporters.JUnitXMLReporter -->
<testsuite hostname="LAPTOP-EFQ8TGH1" ignored="0" name="Test" tests="6" failures="0" timestamp="01 May 2022 03:14:27 GMT" time="36.143" errors="0">
  <testcase name="tc0" time="4.234" classname="org.tasks.ParellelSample2"/>
  <testcase name="tc1" time="5.18" classname="org.tasks.ParellelSample2"/>
  <testcase name="tc2" time="6.271" classname="org.tasks.ParellelSample2"/>
  <testcase name="tc0" time="4.906" classname="org.tasks.ParellelSample"/>
  <testcase name="tc1" time="8.605" classname="org.tasks.ParellelSample"/>
  <testcase name="tc2" time="6.907" classname="org.tasks.ParellelSample"/>
</testsuite> <!-- Test -->
