<?xml version="1.0" encoding="UTF-8"?>
<!-- Generated by org.testng.reporters.JUnitXMLReporter -->
<testsuite hostname="LAPTOP-EFQ8TGH1" ignored="0" name="Test3" tests="6" failures="0" timestamp="01 May 2022 03:11:49 GMT" time="34.876" errors="0">
  <testcase name="tc0" time="4.287" classname="org.tasks.ParellelSample2"/>
  <testcase name="tc1" time="5.992" classname="org.tasks.ParellelSample2"/>
  <testcase name="tc2" time="5.437" classname="org.tasks.ParellelSample2"/>
  <testcase name="tc0" time="4.858" classname="org.tasks.ParellelSample"/>
  <testcase name="tc1" time="6.488" classname="org.tasks.ParellelSample"/>
  <testcase name="tc2" time="7.804" classname="org.tasks.ParellelSample"/>
</testsuite> <!-- Test3 -->
