<?xml version="1.0" encoding="UTF-8"?>
<!-- Generated by org.testng.reporters.JUnitXMLReporter -->
<testsuite hostname="LAPTOP-EFQ8TGH1" ignored="0" name="Test2" tests="6" failures="0" timestamp="01 May 2022 03:14:40 GMT" time="49.131" errors="0">
  <testcase name="tc0" time="4.341" classname="org.tasks.ParellelSample2"/>
  <testcase name="tc1" time="4.47" classname="org.tasks.ParellelSample2"/>
  <testcase name="tc2" time="5.48" classname="org.tasks.ParellelSample2"/>
  <testcase name="tc0" time="3.551" classname="org.tasks.ParellelSample"/>
  <testcase name="tc1" time="5.251" classname="org.tasks.ParellelSample"/>
  <testcase name="tc2" time="26.012" classname="org.tasks.ParellelSample"/>
</testsuite> <!-- Test2 -->
