<?xml version="1.0" encoding="UTF-8"?>
<testng-results skipped="0" failed="0" ignored="0" total="1" passed="1">
  <reporter-output>
  </reporter-output>
  <suite name="Default suite" duration-ms="3822" started-at="2022-08-25T05:10:28Z" finished-at="2022-08-25T05:10:32Z">
    <groups>
    </groups>
    <test name="Default test" duration-ms="3822" started-at="2022-08-25T05:10:28Z" finished-at="2022-08-25T05:10:32Z">
      <class name="com.Training.Training2">
        <test-method status="PASS" signature="samp()[pri:0, instance:com.Training.Training2@29ca901e]" name="samp" duration-ms="3804" started-at="2022-08-25T05:10:28Z" finished-at="2022-08-25T05:10:32Z">
          <reporter-output>
          </reporter-output>
        </test-method> <!-- samp -->
      </class> <!-- com.Training.Training2 -->
    </test> <!-- Default test -->
  </suite> <!-- Default suite -->
</testng-results>
